2026-06-29 16:48:40,110 - INFO - STARTING THE OPERATION
2026-06-29 16:48:40,111 - INFO - Extracting CSV
2026-06-29 16:48:40,115 - INFO - VALIDATING DATA
2026-06-29 16:48:40,115 - CRITICAL - Finding missing columns
2026-06-29 16:48:40,122 - ERROR - Finding dublicates Transactions
2026-06-29 16:48:40,124 - CRITICAL - Finding Strange prices
2026-06-29 16:48:40,127 - INFO - Writing reports for valid and invalid with total receipt records.
2026-06-29 16:48:40,130 - ERROR - Writing invalid transactions to csv with its reasoning
2026-06-29 16:48:40,198 - INFO - TRANSFORMING DATA
2026-06-29 16:48:40,202 - INFO - Finding valid transactions
2026-06-29 16:48:40,207 - INFO - Writing valid transactions to the csv. FIleName: reports\valid_transactions.csv
2026-06-29 16:48:40,212 - INFO - Calculating the revenue by product
2026-06-29 16:48:40,215 - INFO - Writing total sales by Product to reports\revenue_by_product.csv
2026-06-29 16:48:40,218 - INFO - Calculating revenue by category
2026-06-29 16:48:40,221 - INFO - Writing total sales by category to reports\revenue_by_category.csv
2026-06-29 16:48:40,223 - INFO - LOADING THE DATA TO THE DATABASE
2026-06-29 16:48:40,225 - INFO - BEGIN (implicit)
2026-06-29 16:48:40,225 - INFO - PRAGMA main.table_info("sales")
2026-06-29 16:48:40,226 - INFO - [raw sql] ()
2026-06-29 16:48:40,227 - INFO - PRAGMA temp.table_info("sales")
2026-06-29 16:48:40,227 - INFO - [raw sql] ()
2026-06-29 16:48:40,228 - INFO - PRAGMA main.table_info("invalid_transaction")
2026-06-29 16:48:40,228 - INFO - [raw sql] ()
2026-06-29 16:48:40,229 - INFO - PRAGMA temp.table_info("invalid_transaction")
2026-06-29 16:48:40,229 - INFO - [raw sql] ()
2026-06-29 16:48:40,230 - INFO - 
CREATE TABLE sales (
	id INTEGER NOT NULL, 
	transaction_id INTEGER NOT NULL, 
	product VARCHAR NOT NULL, 
	category VARCHAR NOT NULL, 
	quantity INTEGER NOT NULL, 
	price INTEGER NOT NULL, 
	total_sale INTEGER NOT NULL, 
	load_date DATETIME, 
	PRIMARY KEY (id)
)


2026-06-29 16:48:40,231 - INFO - [no key 0.00037s] ()
2026-06-29 16:48:40,308 - INFO - 
CREATE TABLE invalid_transaction (
	id INTEGER NOT NULL, 
	transaction_id INTEGER NOT NULL, 
	product VARCHAR, 
	category VARCHAR, 
	quantity INTEGER, 
	price INTEGER, 
	description VARCHAR NOT NULL, 
	load_date DATETIME, 
	PRIMARY KEY (id)
)


2026-06-29 16:48:40,308 - INFO - [no key 0.00054s] ()
2026-06-29 16:48:40,341 - INFO - COMMIT
2026-06-29 16:48:40,357 - INFO - Add transactions to the database
2026-06-29 16:48:40,357 - INFO - Adding valid transactions to the database
2026-06-29 16:48:40,364 - INFO - BEGIN (implicit)
2026-06-29 16:48:40,370 - INFO - SELECT sales.id AS sales_id, sales.transaction_id AS sales_transaction_id, sales.product AS sales_product, sales.category AS sales_category, sales.quantity AS sales_quantity, sales.price AS sales_price, sales.total_sale AS sales_total_sale, sales.load_date AS sales_load_date 
FROM sales 
WHERE sales.transaction_id = ?
 LIMIT ? OFFSET ?
2026-06-29 16:48:40,371 - INFO - [generated in 0.00056s] (1, 1, 0)
2026-06-29 16:48:40,378 - INFO - INSERT INTO sales (transaction_id, product, category, quantity, price, total_sale, load_date) VALUES (?, ?, ?, ?, ?, ?, ?)
2026-06-29 16:48:40,378 - INFO - [generated in 0.00165s] (1, 'Coke', 'Drinks', 5, 15, 75, '2026-06-29 16:48:40.101990')
2026-06-29 16:48:40,382 - INFO - COMMIT
2026-06-29 16:48:40,421 - INFO - Add transactions to the database
2026-06-29 16:48:40,421 - INFO - Adding valid transactions to the database
2026-06-29 16:48:40,422 - INFO - BEGIN (implicit)
2026-06-29 16:48:40,423 - INFO - SELECT sales.id AS sales_id, sales.transaction_id AS sales_transaction_id, sales.product AS sales_product, sales.category AS sales_category, sales.quantity AS sales_quantity, sales.price AS sales_price, sales.total_sale AS sales_total_sale, sales.load_date AS sales_load_date 
FROM sales 
WHERE sales.transaction_id = ?
 LIMIT ? OFFSET ?
2026-06-29 16:48:40,423 - INFO - [cached since 0.0528s ago] (2, 1, 0)
2026-06-29 16:48:40,424 - INFO - INSERT INTO sales (transaction_id, product, category, quantity, price, total_sale, load_date) VALUES (?, ?, ?, ?, ?, ?, ?)
2026-06-29 16:48:40,425 - INFO - [cached since 0.0481s ago] (2, 'Bread', 'Food', 3, 20, 60, '2026-06-29 16:48:40.101990')
2026-06-29 16:48:40,427 - INFO - COMMIT
2026-06-29 16:48:40,455 - INFO - Add transactions to the database
2026-06-29 16:48:40,455 - INFO - Adding valid transactions to the database
2026-06-29 16:48:40,456 - INFO - BEGIN (implicit)
2026-06-29 16:48:40,457 - INFO - SELECT sales.id AS sales_id, sales.transaction_id AS sales_transaction_id, sales.product AS sales_product, sales.category AS sales_category, sales.quantity AS sales_quantity, sales.price AS sales_price, sales.total_sale AS sales_total_sale, sales.load_date AS sales_load_date 
FROM sales 
WHERE sales.transaction_id = ?
 LIMIT ? OFFSET ?
2026-06-29 16:48:40,457 - INFO - [cached since 0.08686s ago] (3, 1, 0)
2026-06-29 16:48:40,458 - INFO - INSERT INTO sales (transaction_id, product, category, quantity, price, total_sale, load_date) VALUES (?, ?, ?, ?, ?, ?, ?)
2026-06-29 16:48:40,459 - INFO - [cached since 0.08178s ago] (3, 'Coke', 'Drinks', 2, 15, 30, '2026-06-29 16:48:40.101990')
2026-06-29 16:48:40,460 - INFO - COMMIT
2026-06-29 16:48:40,490 - INFO - Add transactions to the database
2026-06-29 16:48:40,490 - INFO - Adding valid transactions to the database
2026-06-29 16:48:40,491 - INFO - BEGIN (implicit)
2026-06-29 16:48:40,491 - INFO - SELECT sales.id AS sales_id, sales.transaction_id AS sales_transaction_id, sales.product AS sales_product, sales.category AS sales_category, sales.quantity AS sales_quantity, sales.price AS sales_price, sales.total_sale AS sales_total_sale, sales.load_date AS sales_load_date 
FROM sales 
WHERE sales.transaction_id = ?
 LIMIT ? OFFSET ?
2026-06-29 16:48:40,491 - INFO - [cached since 0.1214s ago] (4, 1, 0)
2026-06-29 16:48:40,492 - INFO - INSERT INTO sales (transaction_id, product, category, quantity, price, total_sale, load_date) VALUES (?, ?, ?, ?, ?, ?, ?)
2026-06-29 16:48:40,493 - INFO - [cached since 0.116s ago] (4, 'Milk', 'Dairy', 4, 18, 72, '2026-06-29 16:48:40.101990')
2026-06-29 16:48:40,495 - INFO - COMMIT
2026-06-29 16:48:40,524 - INFO - Add transactions to the database
2026-06-29 16:48:40,525 - INFO - Adding valid transactions to the database
2026-06-29 16:48:40,525 - INFO - BEGIN (implicit)
2026-06-29 16:48:40,526 - INFO - SELECT sales.id AS sales_id, sales.transaction_id AS sales_transaction_id, sales.product AS sales_product, sales.category AS sales_category, sales.quantity AS sales_quantity, sales.price AS sales_price, sales.total_sale AS sales_total_sale, sales.load_date AS sales_load_date 
FROM sales 
WHERE sales.transaction_id = ?
 LIMIT ? OFFSET ?
2026-06-29 16:48:40,526 - INFO - [cached since 0.156s ago] (5, 1, 0)
2026-06-29 16:48:40,527 - INFO - INSERT INTO sales (transaction_id, product, category, quantity, price, total_sale, load_date) VALUES (?, ?, ?, ?, ?, ?, ?)
2026-06-29 16:48:40,528 - INFO - [cached since 0.1508s ago] (5, 'Bread', 'Food', 1, 20, 20, '2026-06-29 16:48:40.101990')
2026-06-29 16:48:40,530 - INFO - COMMIT
2026-06-29 16:48:40,561 - INFO - Add transactions to the database
2026-06-29 16:48:40,561 - INFO - Adding valid transactions to the database
2026-06-29 16:48:40,561 - INFO - BEGIN (implicit)
2026-06-29 16:48:40,562 - INFO - SELECT sales.id AS sales_id, sales.transaction_id AS sales_transaction_id, sales.product AS sales_product, sales.category AS sales_category, sales.quantity AS sales_quantity, sales.price AS sales_price, sales.total_sale AS sales_total_sale, sales.load_date AS sales_load_date 
FROM sales 
WHERE sales.transaction_id = ?
 LIMIT ? OFFSET ?
2026-06-29 16:48:40,562 - INFO - [cached since 0.192s ago] (6, 1, 0)
2026-06-29 16:48:40,563 - INFO - INSERT INTO sales (transaction_id, product, category, quantity, price, total_sale, load_date) VALUES (?, ?, ?, ?, ?, ?, ?)
2026-06-29 16:48:40,564 - INFO - [cached since 0.1867s ago] (6, 'Eggs', 'Dairy', 2, 35, 70, '2026-06-29 16:48:40.101990')
2026-06-29 16:48:40,566 - INFO - COMMIT
2026-06-29 16:48:40,595 - INFO - Add transactions to the database
2026-06-29 16:48:40,596 - INFO - Adding valid transactions to the database
2026-06-29 16:48:40,596 - INFO - BEGIN (implicit)
2026-06-29 16:48:40,597 - INFO - SELECT sales.id AS sales_id, sales.transaction_id AS sales_transaction_id, sales.product AS sales_product, sales.category AS sales_category, sales.quantity AS sales_quantity, sales.price AS sales_price, sales.total_sale AS sales_total_sale, sales.load_date AS sales_load_date 
FROM sales 
WHERE sales.transaction_id = ?
 LIMIT ? OFFSET ?
2026-06-29 16:48:40,598 - INFO - [cached since 0.228s ago] (7, 1, 0)
2026-06-29 16:48:40,600 - INFO - INSERT INTO sales (transaction_id, product, category, quantity, price, total_sale, load_date) VALUES (?, ?, ?, ?, ?, ?, ?)
2026-06-29 16:48:40,601 - INFO - [cached since 0.2242s ago] (7, 'Coke', 'Drinks', 3, 15, 45, '2026-06-29 16:48:40.101990')
2026-06-29 16:48:40,603 - INFO - COMMIT
2026-06-29 16:48:40,641 - INFO - Add transactions to the database
2026-06-29 16:48:40,641 - INFO - Adding valid transactions to the database
2026-06-29 16:48:40,642 - INFO - BEGIN (implicit)
2026-06-29 16:48:40,643 - INFO - SELECT sales.id AS sales_id, sales.transaction_id AS sales_transaction_id, sales.product AS sales_product, sales.category AS sales_category, sales.quantity AS sales_quantity, sales.price AS sales_price, sales.total_sale AS sales_total_sale, sales.load_date AS sales_load_date 
FROM sales 
WHERE sales.transaction_id = ?
 LIMIT ? OFFSET ?
2026-06-29 16:48:40,643 - INFO - [cached since 0.2729s ago] (13, 1, 0)
2026-06-29 16:48:40,644 - INFO - INSERT INTO sales (transaction_id, product, category, quantity, price, total_sale, load_date) VALUES (?, ?, ?, ?, ?, ?, ?)
2026-06-29 16:48:40,645 - INFO - [cached since 0.2678s ago] (13, 'Juice', 'Drinks', 4, 12, 48, '2026-06-29 16:48:40.101990')
2026-06-29 16:48:40,646 - INFO - COMMIT
2026-06-29 16:48:40,677 - INFO - Add transactions to the database
2026-06-29 16:48:40,677 - INFO - Adding valid transactions to the database
2026-06-29 16:48:40,678 - INFO - BEGIN (implicit)
2026-06-29 16:48:40,679 - INFO - SELECT sales.id AS sales_id, sales.transaction_id AS sales_transaction_id, sales.product AS sales_product, sales.category AS sales_category, sales.quantity AS sales_quantity, sales.price AS sales_price, sales.total_sale AS sales_total_sale, sales.load_date AS sales_load_date 
FROM sales 
WHERE sales.transaction_id = ?
 LIMIT ? OFFSET ?
2026-06-29 16:48:40,680 - INFO - [cached since 0.3098s ago] (17, 1, 0)
2026-06-29 16:48:40,682 - INFO - INSERT INTO sales (transaction_id, product, category, quantity, price, total_sale, load_date) VALUES (?, ?, ?, ?, ?, ?, ?)
2026-06-29 16:48:40,684 - INFO - [cached since 0.3067s ago] (17, 'Soap', 'Household', 2, 30, 60, '2026-06-29 16:48:40.101990')
2026-06-29 16:48:40,687 - INFO - COMMIT
2026-06-29 16:48:40,724 - INFO - Add transactions to the database
2026-06-29 16:48:40,724 - INFO - Adding valid transactions to the database
2026-06-29 16:48:40,726 - INFO - BEGIN (implicit)
2026-06-29 16:48:40,728 - INFO - SELECT sales.id AS sales_id, sales.transaction_id AS sales_transaction_id, sales.product AS sales_product, sales.category AS sales_category, sales.quantity AS sales_quantity, sales.price AS sales_price, sales.total_sale AS sales_total_sale, sales.load_date AS sales_load_date 
FROM sales 
WHERE sales.transaction_id = ?
 LIMIT ? OFFSET ?
2026-06-29 16:48:40,729 - INFO - [cached since 0.3587s ago] (18, 1, 0)
2026-06-29 16:48:40,730 - INFO - INSERT INTO sales (transaction_id, product, category, quantity, price, total_sale, load_date) VALUES (?, ?, ?, ?, ?, ?, ?)
2026-06-29 16:48:40,732 - INFO - [cached since 0.3552s ago] (18, 'Coke', 'Drinks', 3, 15, 45, '2026-06-29 16:48:40.101990')
2026-06-29 16:48:40,736 - INFO - COMMIT
2026-06-29 16:48:40,768 - INFO - Add transactions to the database
2026-06-29 16:48:40,768 - INFO - Adding valid transactions to the database
2026-06-29 16:48:40,769 - INFO - BEGIN (implicit)
2026-06-29 16:48:40,770 - INFO - SELECT sales.id AS sales_id, sales.transaction_id AS sales_transaction_id, sales.product AS sales_product, sales.category AS sales_category, sales.quantity AS sales_quantity, sales.price AS sales_price, sales.total_sale AS sales_total_sale, sales.load_date AS sales_load_date 
FROM sales 
WHERE sales.transaction_id = ?
 LIMIT ? OFFSET ?
2026-06-29 16:48:40,771 - INFO - [cached since 0.4005s ago] (19, 1, 0)
2026-06-29 16:48:40,772 - INFO - INSERT INTO sales (transaction_id, product, category, quantity, price, total_sale, load_date) VALUES (?, ?, ?, ?, ?, ?, ?)
2026-06-29 16:48:40,773 - INFO - [cached since 0.3958s ago] (19, 'Bread', 'Food', 2, 20, 40, '2026-06-29 16:48:40.101990')
2026-06-29 16:48:40,775 - INFO - COMMIT
2026-06-29 16:48:40,813 - INFO - Add transactions to the database
2026-06-29 16:48:40,814 - INFO - Adding valid transactions to the database
2026-06-29 16:48:40,816 - INFO - BEGIN (implicit)
2026-06-29 16:48:40,818 - INFO - SELECT sales.id AS sales_id, sales.transaction_id AS sales_transaction_id, sales.product AS sales_product, sales.category AS sales_category, sales.quantity AS sales_quantity, sales.price AS sales_price, sales.total_sale AS sales_total_sale, sales.load_date AS sales_load_date 
FROM sales 
WHERE sales.transaction_id = ?
 LIMIT ? OFFSET ?
2026-06-29 16:48:40,819 - INFO - [cached since 0.4485s ago] (20, 1, 0)
2026-06-29 16:48:40,821 - INFO - INSERT INTO sales (transaction_id, product, category, quantity, price, total_sale, load_date) VALUES (?, ?, ?, ?, ?, ?, ?)
2026-06-29 16:48:40,822 - INFO - [cached since 0.4452s ago] (20, 'Milk', 'Dairy', 4, 18, 72, '2026-06-29 16:48:40.101990')
2026-06-29 16:48:40,824 - INFO - COMMIT
2026-06-29 16:48:40,859 - INFO - Add transactions to the database
2026-06-29 16:48:40,859 - INFO - Adding valid transactions to the database
2026-06-29 16:48:40,860 - INFO - BEGIN (implicit)
2026-06-29 16:48:40,861 - INFO - SELECT sales.id AS sales_id, sales.transaction_id AS sales_transaction_id, sales.product AS sales_product, sales.category AS sales_category, sales.quantity AS sales_quantity, sales.price AS sales_price, sales.total_sale AS sales_total_sale, sales.load_date AS sales_load_date 
FROM sales 
WHERE sales.transaction_id = ?
 LIMIT ? OFFSET ?
2026-06-29 16:48:40,861 - INFO - [cached since 0.4909s ago] (21, 1, 0)
2026-06-29 16:48:40,862 - INFO - INSERT INTO sales (transaction_id, product, category, quantity, price, total_sale, load_date) VALUES (?, ?, ?, ?, ?, ?, ?)
2026-06-29 16:48:40,863 - INFO - [cached since 0.4859s ago] (21, 'Milk', 'Dairy', 4, 18, 72, '2026-06-29 16:48:40.101990')
2026-06-29 16:48:40,868 - INFO - COMMIT
2026-06-29 16:48:40,919 - INFO - Add transactions to the database
2026-06-29 16:48:40,919 - INFO - Adding valid transactions to the database
2026-06-29 16:48:40,920 - INFO - BEGIN (implicit)
2026-06-29 16:48:40,921 - INFO - SELECT sales.id AS sales_id, sales.transaction_id AS sales_transaction_id, sales.product AS sales_product, sales.category AS sales_category, sales.quantity AS sales_quantity, sales.price AS sales_price, sales.total_sale AS sales_total_sale, sales.load_date AS sales_load_date 
FROM sales 
WHERE sales.transaction_id = ?
 LIMIT ? OFFSET ?
2026-06-29 16:48:40,921 - INFO - [cached since 0.5512s ago] (23, 1, 0)
2026-06-29 16:48:40,923 - INFO - INSERT INTO sales (transaction_id, product, category, quantity, price, total_sale, load_date) VALUES (?, ?, ?, ?, ?, ?, ?)
2026-06-29 16:48:40,923 - INFO - [cached since 0.5462s ago] (23, 'Eggs', 'Dairy', 1, 35, 35, '2026-06-29 16:48:40.101990')
2026-06-29 16:48:40,925 - INFO - COMMIT
2026-06-29 16:48:40,964 - INFO - Add transactions to the database
2026-06-29 16:48:40,964 - INFO - Adding valid transactions to the database
2026-06-29 16:48:40,965 - INFO - BEGIN (implicit)
2026-06-29 16:48:40,967 - INFO - SELECT sales.id AS sales_id, sales.transaction_id AS sales_transaction_id, sales.product AS sales_product, sales.category AS sales_category, sales.quantity AS sales_quantity, sales.price AS sales_price, sales.total_sale AS sales_total_sale, sales.load_date AS sales_load_date 
FROM sales 
WHERE sales.transaction_id = ?
 LIMIT ? OFFSET ?
2026-06-29 16:48:40,968 - INFO - [cached since 0.5975s ago] (24, 1, 0)
2026-06-29 16:48:40,969 - INFO - INSERT INTO sales (transaction_id, product, category, quantity, price, total_sale, load_date) VALUES (?, ?, ?, ?, ?, ?, ?)
2026-06-29 16:48:40,970 - INFO - [cached since 0.5929s ago] (24, 'Juice', 'Drinks', 2, 12, 24, '2026-06-29 16:48:40.101990')
2026-06-29 16:48:40,971 - INFO - COMMIT
2026-06-29 16:48:41,018 - INFO - Add transactions to the database
2026-06-29 16:48:41,018 - CRITICAL - Addidng Invalid transactions to the database
2026-06-29 16:48:41,019 - INFO - BEGIN (implicit)
2026-06-29 16:48:41,023 - INFO - SELECT invalid_transaction.id AS invalid_transaction_id, invalid_transaction.transaction_id AS invalid_transaction_transaction_id, invalid_transaction.product AS invalid_transaction_product, invalid_transaction.category AS invalid_transaction_category, invalid_transaction.quantity AS invalid_transaction_quantity, invalid_transaction.price AS invalid_transaction_price, invalid_transaction.description AS invalid_transaction_description, invalid_transaction.load_date AS invalid_transaction_load_date 
FROM invalid_transaction 
WHERE invalid_transaction.transaction_id = ?
 LIMIT ? OFFSET ?
2026-06-29 16:48:41,025 - INFO - [generated in 0.00168s] (8, 1, 0)
2026-06-29 16:48:41,028 - INFO - INSERT INTO invalid_transaction (transaction_id, product, category, quantity, price, description, load_date) VALUES (?, ?, ?, ?, ?, ?, ?)
2026-06-29 16:48:41,028 - INFO - [generated in 0.00055s] (8, 'Coke', 'Drinks', '-2', '15', 'Negative quantities', '2026-06-29 16:48:40.107527')
2026-06-29 16:48:41,030 - INFO - COMMIT
2026-06-29 16:48:41,067 - INFO - Add transactions to the database
2026-06-29 16:48:41,067 - CRITICAL - Addidng Invalid transactions to the database
2026-06-29 16:48:41,068 - INFO - BEGIN (implicit)
2026-06-29 16:48:41,069 - INFO - SELECT invalid_transaction.id AS invalid_transaction_id, invalid_transaction.transaction_id AS invalid_transaction_transaction_id, invalid_transaction.product AS invalid_transaction_product, invalid_transaction.category AS invalid_transaction_category, invalid_transaction.quantity AS invalid_transaction_quantity, invalid_transaction.price AS invalid_transaction_price, invalid_transaction.description AS invalid_transaction_description, invalid_transaction.load_date AS invalid_transaction_load_date 
FROM invalid_transaction 
WHERE invalid_transaction.transaction_id = ?
 LIMIT ? OFFSET ?
2026-06-29 16:48:41,069 - INFO - [cached since 0.04663s ago] (9, 1, 0)
2026-06-29 16:48:41,071 - INFO - INSERT INTO invalid_transaction (transaction_id, product, category, quantity, price, description, load_date) VALUES (?, ?, ?, ?, ?, ?, ?)
2026-06-29 16:48:41,071 - INFO - [cached since 0.04338s ago] (9, 'Milk', 'Dairy', '5', '-18', 'Negative Price', '2026-06-29 16:48:40.107527')
2026-06-29 16:48:41,073 - INFO - COMMIT
2026-06-29 16:48:41,112 - INFO - Add transactions to the database
2026-06-29 16:48:41,112 - CRITICAL - Addidng Invalid transactions to the database
2026-06-29 16:48:41,113 - INFO - BEGIN (implicit)
2026-06-29 16:48:41,113 - INFO - SELECT invalid_transaction.id AS invalid_transaction_id, invalid_transaction.transaction_id AS invalid_transaction_transaction_id, invalid_transaction.product AS invalid_transaction_product, invalid_transaction.category AS invalid_transaction_category, invalid_transaction.quantity AS invalid_transaction_quantity, invalid_transaction.price AS invalid_transaction_price, invalid_transaction.description AS invalid_transaction_description, invalid_transaction.load_date AS invalid_transaction_load_date 
FROM invalid_transaction 
WHERE invalid_transaction.transaction_id = ?
 LIMIT ? OFFSET ?
2026-06-29 16:48:41,114 - INFO - [cached since 0.09063s ago] (10, 1, 0)
2026-06-29 16:48:41,115 - INFO - INSERT INTO invalid_transaction (transaction_id, product, category, quantity, price, description, load_date) VALUES (?, ?, ?, ?, ?, ?, ?)
2026-06-29 16:48:41,116 - INFO - [cached since 0.08818s ago] (10, 'Bread', 'Food', '0', '20', 'Negative quantities', '2026-06-29 16:48:40.107527')
2026-06-29 16:48:41,118 - INFO - COMMIT
2026-06-29 16:48:41,146 - INFO - Add transactions to the database
2026-06-29 16:48:41,147 - CRITICAL - Addidng Invalid transactions to the database
2026-06-29 16:48:41,147 - INFO - BEGIN (implicit)
2026-06-29 16:48:41,148 - INFO - SELECT invalid_transaction.id AS invalid_transaction_id, invalid_transaction.transaction_id AS invalid_transaction_transaction_id, invalid_transaction.product AS invalid_transaction_product, invalid_transaction.category AS invalid_transaction_category, invalid_transaction.quantity AS invalid_transaction_quantity, invalid_transaction.price AS invalid_transaction_price, invalid_transaction.description AS invalid_transaction_description, invalid_transaction.load_date AS invalid_transaction_load_date 
FROM invalid_transaction 
WHERE invalid_transaction.transaction_id = ?
 LIMIT ? OFFSET ?
2026-06-29 16:48:41,148 - INFO - [cached since 0.1253s ago] (11, 1, 0)
2026-06-29 16:48:41,150 - INFO - INSERT INTO invalid_transaction (transaction_id, product, category, quantity, price, description, load_date) VALUES (?, ?, ?, ?, ?, ?, ?)
2026-06-29 16:48:41,150 - INFO - [cached since 0.1225s ago] (11, 'Chocolate', 'Snacks', '2', '25', 'Dublicates', '2026-06-29 16:48:40.107527')
2026-06-29 16:48:41,152 - INFO - COMMIT
2026-06-29 16:48:41,181 - INFO - Add transactions to the database
2026-06-29 16:48:41,181 - CRITICAL - Addidng Invalid transactions to the database
2026-06-29 16:48:41,182 - INFO - BEGIN (implicit)
2026-06-29 16:48:41,183 - INFO - SELECT invalid_transaction.id AS invalid_transaction_id, invalid_transaction.transaction_id AS invalid_transaction_transaction_id, invalid_transaction.product AS invalid_transaction_product, invalid_transaction.category AS invalid_transaction_category, invalid_transaction.quantity AS invalid_transaction_quantity, invalid_transaction.price AS invalid_transaction_price, invalid_transaction.description AS invalid_transaction_description, invalid_transaction.load_date AS invalid_transaction_load_date 
FROM invalid_transaction 
WHERE invalid_transaction.transaction_id = ?
 LIMIT ? OFFSET ?
2026-06-29 16:48:41,183 - INFO - [cached since 0.1606s ago] (11, 1, 0)
2026-06-29 16:48:41,185 - INFO - Add transactions to the database
2026-06-29 16:48:41,185 - CRITICAL - Addidng Invalid transactions to the database
2026-06-29 16:48:41,186 - INFO - SELECT invalid_transaction.id AS invalid_transaction_id, invalid_transaction.transaction_id AS invalid_transaction_transaction_id, invalid_transaction.product AS invalid_transaction_product, invalid_transaction.category AS invalid_transaction_category, invalid_transaction.quantity AS invalid_transaction_quantity, invalid_transaction.price AS invalid_transaction_price, invalid_transaction.description AS invalid_transaction_description, invalid_transaction.load_date AS invalid_transaction_load_date 
FROM invalid_transaction 
WHERE invalid_transaction.transaction_id = ?
 LIMIT ? OFFSET ?
2026-06-29 16:48:41,186 - INFO - [cached since 0.1633s ago] (12, 1, 0)
2026-06-29 16:48:41,187 - INFO - INSERT INTO invalid_transaction (transaction_id, product, category, quantity, price, description, load_date) VALUES (?, ?, ?, ?, ?, ?, ?)
2026-06-29 16:48:41,188 - INFO - [cached since 0.1602s ago] (12, None, 'Drinks', '3', '15', 'Product missing', '2026-06-29 16:48:40.107527')
2026-06-29 16:48:41,192 - INFO - COMMIT
2026-06-29 16:48:41,227 - INFO - Add transactions to the database
2026-06-29 16:48:41,227 - CRITICAL - Addidng Invalid transactions to the database
2026-06-29 16:48:41,228 - INFO - BEGIN (implicit)
2026-06-29 16:48:41,228 - INFO - SELECT invalid_transaction.id AS invalid_transaction_id, invalid_transaction.transaction_id AS invalid_transaction_transaction_id, invalid_transaction.product AS invalid_transaction_product, invalid_transaction.category AS invalid_transaction_category, invalid_transaction.quantity AS invalid_transaction_quantity, invalid_transaction.price AS invalid_transaction_price, invalid_transaction.description AS invalid_transaction_description, invalid_transaction.load_date AS invalid_transaction_load_date 
FROM invalid_transaction 
WHERE invalid_transaction.transaction_id = ?
 LIMIT ? OFFSET ?
2026-06-29 16:48:41,229 - INFO - [cached since 0.2057s ago] (14, 1, 0)
2026-06-29 16:48:41,230 - INFO - INSERT INTO invalid_transaction (transaction_id, product, category, quantity, price, description, load_date) VALUES (?, ?, ?, ?, ?, ?, ?)
2026-06-29 16:48:41,230 - INFO - [cached since 0.2025s ago] (14, 'Water', 'Drinks', '1000', '10', 'We have strange transactions like quantity is bigger than price', '2026-06-29 16:48:40.107527')
2026-06-29 16:48:41,232 - INFO - COMMIT
2026-06-29 16:48:41,263 - INFO - Add transactions to the database
2026-06-29 16:48:41,263 - CRITICAL - Addidng Invalid transactions to the database
2026-06-29 16:48:41,264 - INFO - BEGIN (implicit)
2026-06-29 16:48:41,264 - INFO - SELECT invalid_transaction.id AS invalid_transaction_id, invalid_transaction.transaction_id AS invalid_transaction_transaction_id, invalid_transaction.product AS invalid_transaction_product, invalid_transaction.category AS invalid_transaction_category, invalid_transaction.quantity AS invalid_transaction_quantity, invalid_transaction.price AS invalid_transaction_price, invalid_transaction.description AS invalid_transaction_description, invalid_transaction.load_date AS invalid_transaction_load_date 
FROM invalid_transaction 
WHERE invalid_transaction.transaction_id = ?
 LIMIT ? OFFSET ?
2026-06-29 16:48:41,265 - INFO - [cached since 0.2419s ago] (15, 1, 0)
2026-06-29 16:48:41,267 - INFO - INSERT INTO invalid_transaction (transaction_id, product, category, quantity, price, description, load_date) VALUES (?, ?, ?, ?, ?, ?, ?)
2026-06-29 16:48:41,267 - INFO - [cached since 0.2396s ago] (15, 'Chips', 'Snacks', 'abc', '20', 'Uknown types like we got alphabets or symbols instead of numbers from quantity', '2026-06-29 16:48:40.107527')
2026-06-29 16:48:41,270 - INFO - COMMIT
2026-06-29 16:48:41,309 - INFO - Add transactions to the database
2026-06-29 16:48:41,309 - CRITICAL - Addidng Invalid transactions to the database
2026-06-29 16:48:41,310 - INFO - BEGIN (implicit)
2026-06-29 16:48:41,310 - INFO - SELECT invalid_transaction.id AS invalid_transaction_id, invalid_transaction.transaction_id AS invalid_transaction_transaction_id, invalid_transaction.product AS invalid_transaction_product, invalid_transaction.category AS invalid_transaction_category, invalid_transaction.quantity AS invalid_transaction_quantity, invalid_transaction.price AS invalid_transaction_price, invalid_transaction.description AS invalid_transaction_description, invalid_transaction.load_date AS invalid_transaction_load_date 
FROM invalid_transaction 
WHERE invalid_transaction.transaction_id = ?
 LIMIT ? OFFSET ?
2026-06-29 16:48:41,311 - INFO - [cached since 0.2879s ago] (16, 1, 0)
2026-06-29 16:48:41,312 - INFO - INSERT INTO invalid_transaction (transaction_id, product, category, quantity, price, description, load_date) VALUES (?, ?, ?, ?, ?, ?, ?)
2026-06-29 16:48:41,312 - INFO - [cached since 0.2846s ago] (16, 'Yogurt', 'Dairy', '5', 'xyz', 'Uknown types like we got alphabets or symbols instead of numbers from price', '2026-06-29 16:48:40.107527')
2026-06-29 16:48:41,314 - INFO - COMMIT
2026-06-29 16:48:41,344 - INFO - Add transactions to the database
2026-06-29 16:48:41,345 - CRITICAL - Addidng Invalid transactions to the database
2026-06-29 16:48:41,345 - INFO - BEGIN (implicit)
2026-06-29 16:48:41,346 - INFO - SELECT invalid_transaction.id AS invalid_transaction_id, invalid_transaction.transaction_id AS invalid_transaction_transaction_id, invalid_transaction.product AS invalid_transaction_product, invalid_transaction.category AS invalid_transaction_category, invalid_transaction.quantity AS invalid_transaction_quantity, invalid_transaction.price AS invalid_transaction_price, invalid_transaction.description AS invalid_transaction_description, invalid_transaction.load_date AS invalid_transaction_load_date 
FROM invalid_transaction 
WHERE invalid_transaction.transaction_id = ?
 LIMIT ? OFFSET ?
2026-06-29 16:48:41,346 - INFO - [cached since 0.3232s ago] (22, 1, 0)
2026-06-29 16:48:41,347 - INFO - INSERT INTO invalid_transaction (transaction_id, product, category, quantity, price, description, load_date) VALUES (?, ?, ?, ?, ?, ?, ?)
2026-06-29 16:48:41,348 - INFO - [cached since 0.3203s ago] (22, 'Coke', 'Drinks', '999999', '15', 'We have strange transactions like quantity is bigger than price', '2026-06-29 16:48:40.107527')
2026-06-29 16:48:41,351 - INFO - COMMIT
2026-06-29 16:48:41,480 - INFO - Add transactions to the database
2026-06-29 16:48:41,480 - CRITICAL - Addidng Invalid transactions to the database
2026-06-29 16:48:41,481 - INFO - BEGIN (implicit)
2026-06-29 16:48:41,485 - INFO - SELECT invalid_transaction.id AS invalid_transaction_id, invalid_transaction.transaction_id AS invalid_transaction_transaction_id, invalid_transaction.product AS invalid_transaction_product, invalid_transaction.category AS invalid_transaction_category, invalid_transaction.quantity AS invalid_transaction_quantity, invalid_transaction.price AS invalid_transaction_price, invalid_transaction.description AS invalid_transaction_description, invalid_transaction.load_date AS invalid_transaction_load_date 
FROM invalid_transaction 
WHERE invalid_transaction.transaction_id = ?
 LIMIT ? OFFSET ?
2026-06-29 16:48:41,487 - INFO - [cached since 0.4633s ago] (25, 1, 0)
2026-06-29 16:48:41,490 - INFO - INSERT INTO invalid_transaction (transaction_id, product, category, quantity, price, description, load_date) VALUES (?, ?, ?, ?, ?, ?, ?)
2026-06-29 16:48:41,491 - INFO - [cached since 0.4629s ago] (25, 'Chocolate', 'Snacks', '3', '25`', 'Uknown types like we got alphabets or symbols instead of numbers from price', '2026-06-29 16:48:40.107527')
2026-06-29 16:48:41,494 - INFO - COMMIT
2026-06-29 16:48:41,527 - INFO - Add transactions to the database
2026-06-29 16:48:41,527 - CRITICAL - Addidng Invalid transactions to the database
2026-06-29 16:48:41,528 - INFO - BEGIN (implicit)
2026-06-29 16:48:41,528 - INFO - SELECT invalid_transaction.id AS invalid_transaction_id, invalid_transaction.transaction_id AS invalid_transaction_transaction_id, invalid_transaction.product AS invalid_transaction_product, invalid_transaction.category AS invalid_transaction_category, invalid_transaction.quantity AS invalid_transaction_quantity, invalid_transaction.price AS invalid_transaction_price, invalid_transaction.description AS invalid_transaction_description, invalid_transaction.load_date AS invalid_transaction_load_date 
FROM invalid_transaction 
WHERE invalid_transaction.transaction_id = ?
 LIMIT ? OFFSET ?
2026-06-29 16:48:41,529 - INFO - [cached since 0.506s ago] (8, 1, 0)
2026-06-29 16:48:41,531 - INFO - Add transactions to the database
2026-06-29 16:48:41,531 - CRITICAL - Addidng Invalid transactions to the database
2026-06-29 16:48:41,532 - INFO - SELECT invalid_transaction.id AS invalid_transaction_id, invalid_transaction.transaction_id AS invalid_transaction_transaction_id, invalid_transaction.product AS invalid_transaction_product, invalid_transaction.category AS invalid_transaction_category, invalid_transaction.quantity AS invalid_transaction_quantity, invalid_transaction.price AS invalid_transaction_price, invalid_transaction.description AS invalid_transaction_description, invalid_transaction.load_date AS invalid_transaction_load_date 
FROM invalid_transaction 
WHERE invalid_transaction.transaction_id = ?
 LIMIT ? OFFSET ?
2026-06-29 16:48:41,534 - INFO - [cached since 0.5107s ago] (9, 1, 0)
2026-06-29 16:48:41,537 - INFO - Add transactions to the database
2026-06-29 16:48:41,538 - CRITICAL - Addidng Invalid transactions to the database
2026-06-29 16:48:41,539 - INFO - SELECT invalid_transaction.id AS invalid_transaction_id, invalid_transaction.transaction_id AS invalid_transaction_transaction_id, invalid_transaction.product AS invalid_transaction_product, invalid_transaction.category AS invalid_transaction_category, invalid_transaction.quantity AS invalid_transaction_quantity, invalid_transaction.price AS invalid_transaction_price, invalid_transaction.description AS invalid_transaction_description, invalid_transaction.load_date AS invalid_transaction_load_date 
FROM invalid_transaction 
WHERE invalid_transaction.transaction_id = ?
 LIMIT ? OFFSET ?
2026-06-29 16:48:41,539 - INFO - [cached since 0.5165s ago] (10, 1, 0)
2026-06-29 16:48:41,541 - INFO - Add transactions to the database
2026-06-29 16:48:41,541 - CRITICAL - Addidng Invalid transactions to the database
2026-06-29 16:48:41,542 - INFO - SELECT invalid_transaction.id AS invalid_transaction_id, invalid_transaction.transaction_id AS invalid_transaction_transaction_id, invalid_transaction.product AS invalid_transaction_product, invalid_transaction.category AS invalid_transaction_category, invalid_transaction.quantity AS invalid_transaction_quantity, invalid_transaction.price AS invalid_transaction_price, invalid_transaction.description AS invalid_transaction_description, invalid_transaction.load_date AS invalid_transaction_load_date 
FROM invalid_transaction 
WHERE invalid_transaction.transaction_id = ?
 LIMIT ? OFFSET ?
2026-06-29 16:48:41,543 - INFO - [cached since 0.52s ago] (11, 1, 0)
2026-06-29 16:48:41,545 - INFO - Add transactions to the database
2026-06-29 16:48:41,545 - CRITICAL - Addidng Invalid transactions to the database
2026-06-29 16:48:41,546 - INFO - SELECT invalid_transaction.id AS invalid_transaction_id, invalid_transaction.transaction_id AS invalid_transaction_transaction_id, invalid_transaction.product AS invalid_transaction_product, invalid_transaction.category AS invalid_transaction_category, invalid_transaction.quantity AS invalid_transaction_quantity, invalid_transaction.price AS invalid_transaction_price, invalid_transaction.description AS invalid_transaction_description, invalid_transaction.load_date AS invalid_transaction_load_date 
FROM invalid_transaction 
WHERE invalid_transaction.transaction_id = ?
 LIMIT ? OFFSET ?
2026-06-29 16:48:41,546 - INFO - [cached since 0.5231s ago] (11, 1, 0)
2026-06-29 16:48:41,548 - INFO - Add transactions to the database
2026-06-29 16:48:41,548 - CRITICAL - Addidng Invalid transactions to the database
2026-06-29 16:48:41,549 - INFO - SELECT invalid_transaction.id AS invalid_transaction_id, invalid_transaction.transaction_id AS invalid_transaction_transaction_id, invalid_transaction.product AS invalid_transaction_product, invalid_transaction.category AS invalid_transaction_category, invalid_transaction.quantity AS invalid_transaction_quantity, invalid_transaction.price AS invalid_transaction_price, invalid_transaction.description AS invalid_transaction_description, invalid_transaction.load_date AS invalid_transaction_load_date 
FROM invalid_transaction 
WHERE invalid_transaction.transaction_id = ?
 LIMIT ? OFFSET ?
2026-06-29 16:48:41,550 - INFO - [cached since 0.5272s ago] (12, 1, 0)
2026-06-29 16:48:41,552 - INFO - Add transactions to the database
2026-06-29 16:48:41,553 - CRITICAL - Addidng Invalid transactions to the database
2026-06-29 16:48:41,554 - INFO - SELECT invalid_transaction.id AS invalid_transaction_id, invalid_transaction.transaction_id AS invalid_transaction_transaction_id, invalid_transaction.product AS invalid_transaction_product, invalid_transaction.category AS invalid_transaction_category, invalid_transaction.quantity AS invalid_transaction_quantity, invalid_transaction.price AS invalid_transaction_price, invalid_transaction.description AS invalid_transaction_description, invalid_transaction.load_date AS invalid_transaction_load_date 
FROM invalid_transaction 
WHERE invalid_transaction.transaction_id = ?
 LIMIT ? OFFSET ?
2026-06-29 16:48:41,555 - INFO - [cached since 0.5325s ago] (14, 1, 0)
2026-06-29 16:48:41,558 - INFO - Add transactions to the database
2026-06-29 16:48:41,559 - CRITICAL - Addidng Invalid transactions to the database
2026-06-29 16:48:41,559 - INFO - SELECT invalid_transaction.id AS invalid_transaction_id, invalid_transaction.transaction_id AS invalid_transaction_transaction_id, invalid_transaction.product AS invalid_transaction_product, invalid_transaction.category AS invalid_transaction_category, invalid_transaction.quantity AS invalid_transaction_quantity, invalid_transaction.price AS invalid_transaction_price, invalid_transaction.description AS invalid_transaction_description, invalid_transaction.load_date AS invalid_transaction_load_date 
FROM invalid_transaction 
WHERE invalid_transaction.transaction_id = ?
 LIMIT ? OFFSET ?
2026-06-29 16:48:41,560 - INFO - [cached since 0.5369s ago] (15, 1, 0)
2026-06-29 16:48:41,561 - INFO - Add transactions to the database
2026-06-29 16:48:41,561 - CRITICAL - Addidng Invalid transactions to the database
2026-06-29 16:48:41,562 - INFO - SELECT invalid_transaction.id AS invalid_transaction_id, invalid_transaction.transaction_id AS invalid_transaction_transaction_id, invalid_transaction.product AS invalid_transaction_product, invalid_transaction.category AS invalid_transaction_category, invalid_transaction.quantity AS invalid_transaction_quantity, invalid_transaction.price AS invalid_transaction_price, invalid_transaction.description AS invalid_transaction_description, invalid_transaction.load_date AS invalid_transaction_load_date 
FROM invalid_transaction 
WHERE invalid_transaction.transaction_id = ?
 LIMIT ? OFFSET ?
2026-06-29 16:48:41,562 - INFO - [cached since 0.5394s ago] (16, 1, 0)
2026-06-29 16:48:41,566 - INFO - Add transactions to the database
2026-06-29 16:48:41,566 - CRITICAL - Addidng Invalid transactions to the database
2026-06-29 16:48:41,567 - INFO - SELECT invalid_transaction.id AS invalid_transaction_id, invalid_transaction.transaction_id AS invalid_transaction_transaction_id, invalid_transaction.product AS invalid_transaction_product, invalid_transaction.category AS invalid_transaction_category, invalid_transaction.quantity AS invalid_transaction_quantity, invalid_transaction.price AS invalid_transaction_price, invalid_transaction.description AS invalid_transaction_description, invalid_transaction.load_date AS invalid_transaction_load_date 
FROM invalid_transaction 
WHERE invalid_transaction.transaction_id = ?
 LIMIT ? OFFSET ?
2026-06-29 16:48:41,568 - INFO - [cached since 0.5451s ago] (22, 1, 0)
2026-06-29 16:48:41,572 - INFO - Add transactions to the database
2026-06-29 16:48:41,572 - CRITICAL - Addidng Invalid transactions to the database
2026-06-29 16:48:41,573 - INFO - SELECT invalid_transaction.id AS invalid_transaction_id, invalid_transaction.transaction_id AS invalid_transaction_transaction_id, invalid_transaction.product AS invalid_transaction_product, invalid_transaction.category AS invalid_transaction_category, invalid_transaction.quantity AS invalid_transaction_quantity, invalid_transaction.price AS invalid_transaction_price, invalid_transaction.description AS invalid_transaction_description, invalid_transaction.load_date AS invalid_transaction_load_date 
FROM invalid_transaction 
WHERE invalid_transaction.transaction_id = ?
 LIMIT ? OFFSET ?
2026-06-29 16:48:41,574 - INFO - [cached since 0.5511s ago] (25, 1, 0)
2026-06-29 16:48:41,575 - INFO - Finished the operation
